2019-07-10 23:19:01 | Error | Oops! An error has occured. : Action: copy(id, servicefamily_id) - Unknown attribute servicefamily_id from class Incident
2019-07-10 23:19:53 | Error | Oops! An error has occured. : Action: copy(id, servicefamily_id) - Unknown attribute servicefamily_id from class Incident
2019-07-10 23:29:01 | Error | Oops! An error has occured. : Action: copy(id, servicefamily_id) - Unknown attribute servicefamily_id from class Incident
2019-07-10 23:30:39 | Error | Oops! An error has occured. : Action: copy(id, servicefamily_id) - Unknown attribute servicefamily_id from class Incident
2019-07-15 11:03:21 | Error | ldap_set_option('17', '3') returned true
2019-07-15 11:03:21 | Error | ldap_set_option('8', '0') returned true
2019-07-15 11:12:00 | Error | ldap_set_option('17', '3') returned true
2019-07-15 11:12:00 | Error | ldap_set_option('8', '0') returned true
2019-07-15 11:27:25 | Error | ldap_set_option('17', '3') returned true
2019-07-15 11:27:25 | Error | ldap_set_option('8', '0') returned true
2019-07-15 11:27:25 | Error | ldap_authentication: can not bind to the LDAP server 'ldap://190.145.215.202 ldap://3.16.200.46' (port: 389), user='CN=Conexion Aplicaciones,DC=alltic,DC=local', pwd='@lltic2019'. Error: 'Invalid credentials'. Check the configuration file config-itop.php.
2019-07-15 11:27:30 | Error | ldap_set_option('17', '3') returned true
2019-07-15 11:27:30 | Error | ldap_set_option('8', '0') returned true
2019-07-15 11:27:30 | Error | ldap_authentication: can not bind to the LDAP server 'ldap://190.145.215.202 ldap://3.16.200.46' (port: 389), user='CN=Conexion Aplicaciones,DC=alltic,DC=local', pwd='@lltic2019'. Error: 'Invalid credentials'. Check the configuration file config-itop.php.
2019-07-15 11:33:16 | Error | ldap_set_option('17', '3') returned true
2019-07-15 11:33:16 | Error | ldap_set_option('8', '0') returned true
2019-07-15 11:33:16 | Error | ldap_authentication: can not bind to the LDAP server 'ldap://190.145.215.202 ldap://3.16.200.46' (port: 389), user='CN=Conexion Aplicaciones,CN=alltic.local,DC=alltic,DC=local', pwd='@lltic2019'. Error: 'Invalid credentials'. Check the configuration file config-itop.php.
2019-07-15 11:33:22 | Error | ldap_set_option('17', '3') returned true
2019-07-15 11:33:22 | Error | ldap_set_option('8', '0') returned true
2019-07-15 11:33:22 | Error | ldap_authentication: can not bind to the LDAP server 'ldap://190.145.215.202 ldap://3.16.200.46' (port: 389), user='CN=Conexion Aplicaciones,CN=alltic.local,DC=alltic,DC=local', pwd='@lltic2019'. Error: 'Invalid credentials'. Check the configuration file config-itop.php.
2019-07-15 11:35:56 | Error | ldap_set_option('17', '3') returned true
2019-07-15 11:35:56 | Error | ldap_set_option('8', '0') returned true
2019-07-15 11:38:20 | Error | ldap_set_option('17', '3') returned true
2019-07-15 11:38:20 | Error | ldap_set_option('8', '0') returned true
2019-07-15 11:38:20 | Error | ldap_authentication: can not bind to the LDAP server 'ldap://190.145.215.202 ldap://3.16.200.46' (port: 389), user='CN=Conexion Aplicaciones,CN=Alltic,DC=alltic,DC=local', pwd='@lltic2019'. Error: 'Invalid credentials'. Check the configuration file config-itop.php.
2019-07-15 12:01:06 | Error | ldap_set_option('17', '3') returned true
2019-07-15 12:01:06 | Error | ldap_set_option('8', '0') returned true
2019-07-15 12:02:36 | Error | ldap_set_option('17', '3') returned true
2019-07-15 12:02:36 | Error | ldap_set_option('8', '0') returned true
2019-07-15 12:05:41 | Error | ldap_set_option('17', '3') returned true
2019-07-15 12:05:41 | Error | ldap_set_option('8', '0') returned true
2019-07-15 12:06:18 | Error | ldap_set_option('17', '3') returned true
2019-07-15 12:06:18 | Error | ldap_set_option('8', '0') returned true
2019-07-15 12:07:46 | Error | ldap_set_option('17', '3') returned true
2019-07-15 12:07:46 | Error | ldap_set_option('8', '0') returned true
2019-07-15 12:07:46 | Error | ldap_authentication: wrong password for user: 'CN=Kevin Johan Hernandez Agudelo,CN=Users,DC=alltic,DC=local'.
2019-07-15 12:08:17 | Error | ldap_set_option('17', '3') returned true
2019-07-15 12:08:17 | Error | ldap_set_option('8', '0') returned true
2019-07-15 12:20:01 | Error | ldap_set_option('17', '3') returned true
2019-07-15 12:20:01 | Error | ldap_set_option('8', '0') returned true
2019-07-15 14:32:00 | Error | ldap_set_option('17', '3') returned true
2019-07-15 14:32:00 | Error | ldap_set_option('8', '0') returned true
2019-07-15 14:43:56 | Error | ldap_set_option('17', '3') returned true
2019-07-15 14:43:56 | Error | ldap_set_option('8', '0') returned true
2019-07-15 14:45:19 | Error | ldap_set_option('17', '3') returned true
2019-07-15 14:45:19 | Error | ldap_set_option('8', '0') returned true
2019-07-15 14:47:03 | Error | User not allowed to view this object: class = UserLDAP, id = 18
2019-07-15 14:47:03 | Error | UI.php 'apply_modify' : invalid transaction_id ! data: user='javendano', class='UserLDAP'
2019-07-15 14:47:04 | Error | User not allowed to view this object: class = UserLDAP, id = 18
2019-07-15 14:47:16 | Error | ldap_set_option('17', '3') returned true
2019-07-15 14:47:16 | Error | ldap_set_option('8', '0') returned true
2019-09-11 11:49:40 | Warning | Email sending failed: Some recipients were invalid, aFailedRecipients contains: it@alltic.co
2019-09-11 11:49:48 | Warning | Email sending failed: Some recipients were invalid, aFailedRecipients contains: javendano@alltic.co, agomez@alltic.co
2019-09-11 11:54:08 | Warning | Email sending failed: Some recipients were invalid, aFailedRecipients contains: it@alltic.co
2019-09-11 11:54:18 | Warning | Email sending failed: Some recipients were invalid, aFailedRecipients contains: javendano@alltic.co, jlozano@alltic.co
2019-11-14 13:49:34 | Warning | Email sending failed: Some recipients were invalid, aFailedRecipients contains: it@alltic.co
2019-11-14 13:52:31 | Warning | Email sending failed: Some recipients were invalid, aFailedRecipients contains: it@alltic.co
2019-11-14 13:52:44 | Warning | Email sending failed: Some recipients were invalid, aFailedRecipients contains: javendano@alltic.co
2020-03-10 10:04:35 | Warning | Email sending failed: Some recipients were invalid, aFailedRecipients contains: javendano@alltic.co, jbenavidez@alltic.co
2020-03-10 10:24:36 | Warning | Email sending failed: Some recipients were invalid, aFailedRecipients contains: javendano@alltic.co, jcastano@alltic.co
2020-03-10 11:56:47 | Warning | Email sending failed: Some recipients were invalid, aFailedRecipients contains: jbenavidez@alltic.co, javendano@alltic.co
2020-03-10 11:57:01 | Warning | Email sending failed: Some recipients were invalid, aFailedRecipients contains: javendano@alltic.co, jbenavidez@alltic.co
2020-03-10 11:57:01 | Error | Error: estimulo invalido "ev_reopen" en objeto I-000095 en estado "Asignado".
2020-03-10 11:57:10 | Error | Error: estimulo invalido "ev_reopen" en objeto I-000095 en estado "Asignado".
2020-03-10 11:57:16 | Error | Error: estimulo invalido "ev_reopen" en objeto I-000095 en estado "Asignado".
2020-03-10 11:57:45 | Warning | Email sending failed: Some recipients were invalid, aFailedRecipients contains: jbenavidez@alltic.co, javendano@alltic.co
2020-03-10 12:00:13 | Warning | Email sending failed: Some recipients were invalid, aFailedRecipients contains: javendano@alltic.co, jcastano@alltic.co
2020-03-10 12:00:44 | Warning | Email sending failed: Some recipients were invalid, aFailedRecipients contains: khernandez@alltic.co, victor.garcia@myqorg.biz
2020-03-10 12:01:00 | Warning | Email sending failed: Some recipients were invalid, aFailedRecipients contains: victor.garcia@myqorg.biz, khernandez@alltic.co
2020-03-10 14:27:39 | Warning | Email sending failed: Some recipients were invalid, aFailedRecipients contains: jmartinez@alltic.co, mangel@alltic.co
2020-03-10 16:11:52 | Warning | Email sending failed: Some recipients were invalid, aFailedRecipients contains: mangel@alltic.co, jmartinez@alltic.co
2020-03-10 16:12:05 | Warning | Email sending failed: Some recipients were invalid, aFailedRecipients contains: javendano@alltic.co, mangel@alltic.co
2020-03-10 16:12:19 | Warning | Email sending failed: Some recipients were invalid, aFailedRecipients contains: mangel@alltic.co, javendano@alltic.co
2020-03-10 16:13:42 | Warning | Email sending failed: Some recipients were invalid, aFailedRecipients contains: it@alltic.co
2020-03-10 16:13:50 | Warning | Email sending failed: Some recipients were invalid, aFailedRecipients contains: javendano@alltic.co, agomez@alltic.co
2020-03-10 16:14:40 | Warning | Email sending failed: Some recipients were invalid, aFailedRecipients contains: agomez@alltic.co, javendano@alltic.co
2020-03-26 18:19:52 | Warning | Email sending failed: Some recipients were invalid, aFailedRecipients contains: javendano@alltic.co, mleal@alltic.co
2020-03-26 18:20:08 | Warning | Email sending failed: Some recipients were invalid, aFailedRecipients contains: mleal@alltic.co, javendano@alltic.co
2020-03-26 19:21:03 | Warning | Email sending failed: Some recipients were invalid, aFailedRecipients contains: javendano@alltic.co, jlozano@alltic.co
2020-03-26 19:21:13 | Warning | Email sending failed: Some recipients were invalid, aFailedRecipients contains: jlozano@alltic.co, javendano@alltic.co
2020-03-27 14:25:03 | Warning | Email sending failed: Some recipients were invalid, aFailedRecipients contains: it@alltic.co
2020-03-27 14:25:11 | Warning | Email sending failed: Some recipients were invalid, aFailedRecipients contains: javendano@alltic.co
2020-03-27 14:25:22 | Warning | Email sending failed: Some recipients were invalid, aFailedRecipients contains: javendano@alltic.co
2020-03-27 14:25:48 | Warning | Email sending failed: Some recipients were invalid, aFailedRecipients contains: it@alltic.co
2020-03-27 14:25:56 | Warning | Email sending failed: Some recipients were invalid, aFailedRecipients contains: javendano@alltic.co
2020-03-27 14:26:04 | Warning | Email sending failed: Some recipients were invalid, aFailedRecipients contains: javendano@alltic.co
2020-05-19 21:28:48 | Warning | Email sending failed: Some recipients were invalid, aFailedRecipients contains: khernandez@alltic.co, it@alltic.co
2020-05-19 21:45:30 | Warning | Email sending failed: Some recipients were invalid, aFailedRecipients contains: khernandez@alltic.co, khernandez@alltic.co
2020-05-19 21:48:52 | Warning | Email sending failed: Some recipients were invalid, aFailedRecipients contains: khernandez@alltic.co, it@alltic.co
2020-05-19 21:49:00 | Warning | Email sending failed: Some recipients were invalid, aFailedRecipients contains: pmesias@alltic.co, khernandez@alltic.co
2020-06-16 11:40:45 | Info | mysqldump -V 2>&1 said: "mysqldump" no se reconoce como un comando interno o externo,
2020-06-16 11:40:45 | Info | mysqldump -V 2>&1 said: programa o archivo por lotes ejecutable.
2020-09-02 23:30:02 | Info | Creating backup: '/home/alltic/public_html/itsm/data/backups/auto/alltic_itsm-2020-09-02_23_30.tar.gz'
2020-09-02 23:30:02 | Info | backup: creating tmp dir '/home/alltic/public_html/itsm/data/tmp-backup-528556180'
2020-09-02 23:30:02 | Info | backup: adding resource '/home/alltic/public_html/itsm/conf/production/config-itop.php'
2020-09-02 23:30:02 | Info | Starting backup of localhost/alltic_itsm(suffix:'')
2020-09-02 23:30:02 | Info | backup: generate data file with command: mysqldump --opt --skip-lock-tables --default-character-set=utf8mb4 --add-drop-database --single-transaction --host='localhost'  --port='3306' --user=xxxxx --password=xxxxx  --result-file='/home/alltic/public_html/itsm/data/tmp-backup-528556180/itop-dump.sql' 'alltic_itsm' 
2020-09-02 23:30:07 | Info | mysqldump said: Warning: Using a password on the command line interface can be insecure.
2020-09-02 23:30:08 | Info | backup: adding to archive files 'array (
  0 => '/home/alltic/public_html/itsm/data/tmp-backup-528556180/config-itop.php',
  1 => '/home/alltic/public_html/itsm/data/tmp-backup-528556180/itop-dump.sql',
)'
2020-09-02 23:30:10 | Info | backup: removing tmp folder '/home/alltic/public_html/itsm/data/tmp-backup-528556180'
2020-09-03 15:14:00 | Error | UI.php 'apply_stimulus' : invalid transaction_id ! data: user='chernandez', class='Incident'
2020-09-03 15:22:26 | Error | Error: estimulo invalido "ev_pending" en objeto I-000811 en estado "Pendiente".
2020-09-03 15:22:32 | Error | Error: estimulo invalido "ev_pending" en objeto I-000811 en estado "Pendiente".
2020-09-03 23:30:02 | Info | Creating backup: '/home/alltic/public_html/itsm/data/backups/auto/alltic_itsm-2020-09-03_23_30.tar.gz'
2020-09-03 23:30:02 | Info | backup: creating tmp dir '/home/alltic/public_html/itsm/data/tmp-backup-1790864174'
2020-09-03 23:30:02 | Info | backup: adding resource '/home/alltic/public_html/itsm/conf/production/config-itop.php'
2020-09-03 23:30:02 | Info | Starting backup of localhost/alltic_itsm(suffix:'')
2020-09-03 23:30:02 | Info | backup: generate data file with command: mysqldump --opt --skip-lock-tables --default-character-set=utf8mb4 --add-drop-database --single-transaction --host='localhost'  --port='3306' --user=xxxxx --password=xxxxx  --result-file='/home/alltic/public_html/itsm/data/tmp-backup-1790864174/itop-dump.sql' 'alltic_itsm' 
2020-09-03 23:30:05 | Info | mysqldump said: Warning: Using a password on the command line interface can be insecure.
2020-09-03 23:30:05 | Info | backup: adding to archive files 'array (
  0 => '/home/alltic/public_html/itsm/data/tmp-backup-1790864174/config-itop.php',
  1 => '/home/alltic/public_html/itsm/data/tmp-backup-1790864174/itop-dump.sql',
)'
2020-09-03 23:30:07 | Info | backup: removing tmp folder '/home/alltic/public_html/itsm/data/tmp-backup-1790864174'
2020-09-04 23:30:02 | Info | Creating backup: '/home/alltic/public_html/itsm/data/backups/auto/alltic_itsm-2020-09-04_23_30.tar.gz'
2020-09-04 23:30:02 | Info | backup: creating tmp dir '/home/alltic/public_html/itsm/data/tmp-backup-240787707'
2020-09-04 23:30:02 | Info | backup: adding resource '/home/alltic/public_html/itsm/conf/production/config-itop.php'
2020-09-04 23:30:02 | Info | Starting backup of localhost/alltic_itsm(suffix:'')
2020-09-04 23:30:02 | Info | backup: generate data file with command: mysqldump --opt --skip-lock-tables --default-character-set=utf8mb4 --add-drop-database --single-transaction --host='localhost'  --port='3306' --user=xxxxx --password=xxxxx  --result-file='/home/alltic/public_html/itsm/data/tmp-backup-240787707/itop-dump.sql' 'alltic_itsm' 
2020-09-04 23:30:06 | Info | mysqldump said: Warning: Using a password on the command line interface can be insecure.
2020-09-04 23:30:06 | Info | backup: adding to archive files 'array (
  0 => '/home/alltic/public_html/itsm/data/tmp-backup-240787707/config-itop.php',
  1 => '/home/alltic/public_html/itsm/data/tmp-backup-240787707/itop-dump.sql',
)'
2020-09-04 23:30:08 | Info | backup: removing tmp folder '/home/alltic/public_html/itsm/data/tmp-backup-240787707'
2020-09-07 23:30:02 | Info | Creating backup: '/home/alltic/public_html/itsm/data/backups/auto/alltic_itsm-2020-09-07_23_30.tar.gz'
2020-09-07 23:30:02 | Info | backup: creating tmp dir '/home/alltic/public_html/itsm/data/tmp-backup-937791323'
2020-09-07 23:30:02 | Info | backup: adding resource '/home/alltic/public_html/itsm/conf/production/config-itop.php'
2020-09-07 23:30:02 | Info | Starting backup of localhost/alltic_itsm(suffix:'')
2020-09-07 23:30:02 | Info | backup: generate data file with command: mysqldump --opt --skip-lock-tables --default-character-set=utf8mb4 --add-drop-database --single-transaction --host='localhost'  --port='3306' --user=xxxxx --password=xxxxx  --result-file='/home/alltic/public_html/itsm/data/tmp-backup-937791323/itop-dump.sql' 'alltic_itsm' 
2020-09-07 23:30:06 | Info | mysqldump said: Warning: Using a password on the command line interface can be insecure.
2020-09-07 23:30:07 | Info | backup: adding to archive files 'array (
  0 => '/home/alltic/public_html/itsm/data/tmp-backup-937791323/config-itop.php',
  1 => '/home/alltic/public_html/itsm/data/tmp-backup-937791323/itop-dump.sql',
)'
2020-09-07 23:30:09 | Info | backup: removing tmp folder '/home/alltic/public_html/itsm/data/tmp-backup-937791323'
2020-09-08 23:30:02 | Info | Creating backup: '/home/alltic/public_html/itsm/data/backups/auto/alltic_itsm-2020-09-08_23_30.tar.gz'
2020-09-08 23:30:02 | Info | backup: creating tmp dir '/home/alltic/public_html/itsm/data/tmp-backup-1928957887'
2020-09-08 23:30:02 | Info | backup: adding resource '/home/alltic/public_html/itsm/conf/production/config-itop.php'
2020-09-08 23:30:02 | Info | Starting backup of localhost/alltic_itsm(suffix:'')
2020-09-08 23:30:02 | Info | backup: generate data file with command: mysqldump --opt --skip-lock-tables --default-character-set=utf8mb4 --add-drop-database --single-transaction --host='localhost'  --port='3306' --user=xxxxx --password=xxxxx  --result-file='/home/alltic/public_html/itsm/data/tmp-backup-1928957887/itop-dump.sql' 'alltic_itsm' 
2020-09-08 23:30:05 | Info | mysqldump said: Warning: Using a password on the command line interface can be insecure.
2020-09-08 23:30:05 | Info | backup: adding to archive files 'array (
  0 => '/home/alltic/public_html/itsm/data/tmp-backup-1928957887/config-itop.php',
  1 => '/home/alltic/public_html/itsm/data/tmp-backup-1928957887/itop-dump.sql',
)'
2020-09-08 23:30:08 | Info | backup: removing tmp folder '/home/alltic/public_html/itsm/data/tmp-backup-1928957887'
2020-09-09 12:03:26 | Error | Error: estimulo invalido "ev_assign" en objeto R-000842 en estado "Asignado".
2020-09-09 12:04:13 | Error | Error: estimulo invalido "ev_assign" en objeto R-000842 en estado "Asignado".
2020-09-09 23:30:01 | Info | Creating backup: '/home/alltic/public_html/itsm/data/backups/auto/alltic_itsm-2020-09-09_23_30.tar.gz'
2020-09-09 23:30:01 | Info | backup: creating tmp dir '/home/alltic/public_html/itsm/data/tmp-backup-1669646834'
2020-09-09 23:30:01 | Info | backup: adding resource '/home/alltic/public_html/itsm/conf/production/config-itop.php'
2020-09-09 23:30:01 | Info | Starting backup of localhost/alltic_itsm(suffix:'')
2020-09-09 23:30:01 | Info | backup: generate data file with command: mysqldump --opt --skip-lock-tables --default-character-set=utf8mb4 --add-drop-database --single-transaction --host='localhost'  --port='3306' --user=xxxxx --password=xxxxx  --result-file='/home/alltic/public_html/itsm/data/tmp-backup-1669646834/itop-dump.sql' 'alltic_itsm' 
2020-09-09 23:30:04 | Info | mysqldump said: Warning: Using a password on the command line interface can be insecure.
2020-09-09 23:30:04 | Info | backup: adding to archive files 'array (
  0 => '/home/alltic/public_html/itsm/data/tmp-backup-1669646834/config-itop.php',
  1 => '/home/alltic/public_html/itsm/data/tmp-backup-1669646834/itop-dump.sql',
)'
2020-09-09 23:30:06 | Info | backup: removing tmp folder '/home/alltic/public_html/itsm/data/tmp-backup-1669646834'
2020-09-10 23:30:02 | Info | Creating backup: '/home/alltic/public_html/itsm/data/backups/auto/alltic_itsm-2020-09-10_23_30.tar.gz'
2020-09-10 23:30:02 | Info | backup: creating tmp dir '/home/alltic/public_html/itsm/data/tmp-backup-1767088398'
2020-09-10 23:30:02 | Info | backup: adding resource '/home/alltic/public_html/itsm/conf/production/config-itop.php'
2020-09-10 23:30:02 | Info | Starting backup of localhost/alltic_itsm(suffix:'')
2020-09-10 23:30:02 | Info | backup: generate data file with command: mysqldump --opt --skip-lock-tables --default-character-set=utf8mb4 --add-drop-database --single-transaction --host='localhost'  --port='3306' --user=xxxxx --password=xxxxx  --result-file='/home/alltic/public_html/itsm/data/tmp-backup-1767088398/itop-dump.sql' 'alltic_itsm' 
2020-09-10 23:30:07 | Info | mysqldump said: Warning: Using a password on the command line interface can be insecure.
2020-09-10 23:30:07 | Info | backup: adding to archive files 'array (
  0 => '/home/alltic/public_html/itsm/data/tmp-backup-1767088398/config-itop.php',
  1 => '/home/alltic/public_html/itsm/data/tmp-backup-1767088398/itop-dump.sql',
)'
2020-09-10 23:30:09 | Info | backup: removing tmp folder '/home/alltic/public_html/itsm/data/tmp-backup-1767088398'
2020-09-11 23:30:02 | Info | Creating backup: '/home/alltic/public_html/itsm/data/backups/auto/alltic_itsm-2020-09-11_23_30.tar.gz'
2020-09-11 23:30:02 | Info | backup: creating tmp dir '/home/alltic/public_html/itsm/data/tmp-backup-1515891946'
2020-09-11 23:30:02 | Info | backup: adding resource '/home/alltic/public_html/itsm/conf/production/config-itop.php'
2020-09-11 23:30:02 | Info | Starting backup of localhost/alltic_itsm(suffix:'')
2020-09-11 23:30:02 | Info | backup: generate data file with command: mysqldump --opt --skip-lock-tables --default-character-set=utf8mb4 --add-drop-database --single-transaction --host='localhost'  --port='3306' --user=xxxxx --password=xxxxx  --result-file='/home/alltic/public_html/itsm/data/tmp-backup-1515891946/itop-dump.sql' 'alltic_itsm' 
2020-09-11 23:30:04 | Info | mysqldump said: Warning: Using a password on the command line interface can be insecure.
2020-09-11 23:30:04 | Info | backup: adding to archive files 'array (
  0 => '/home/alltic/public_html/itsm/data/tmp-backup-1515891946/config-itop.php',
  1 => '/home/alltic/public_html/itsm/data/tmp-backup-1515891946/itop-dump.sql',
)'
2020-09-11 23:30:06 | Info | backup: removing tmp folder '/home/alltic/public_html/itsm/data/tmp-backup-1515891946'
2020-09-14 23:30:02 | Info | Creating backup: '/home/alltic/public_html/itsm/data/backups/auto/alltic_itsm-2020-09-14_23_30.tar.gz'
2020-09-14 23:30:02 | Info | backup: creating tmp dir '/home/alltic/public_html/itsm/data/tmp-backup-1667139429'
2020-09-14 23:30:02 | Info | backup: adding resource '/home/alltic/public_html/itsm/conf/production/config-itop.php'
2020-09-14 23:30:02 | Info | Starting backup of localhost/alltic_itsm(suffix:'')
2020-09-14 23:30:02 | Info | backup: generate data file with command: mysqldump --opt --skip-lock-tables --default-character-set=utf8mb4 --add-drop-database --single-transaction --host='localhost'  --port='3306' --user=xxxxx --password=xxxxx  --result-file='/home/alltic/public_html/itsm/data/tmp-backup-1667139429/itop-dump.sql' 'alltic_itsm' 
2020-09-14 23:30:07 | Info | mysqldump said: Warning: Using a password on the command line interface can be insecure.
2020-09-14 23:30:07 | Info | backup: adding to archive files 'array (
  0 => '/home/alltic/public_html/itsm/data/tmp-backup-1667139429/config-itop.php',
  1 => '/home/alltic/public_html/itsm/data/tmp-backup-1667139429/itop-dump.sql',
)'
2020-09-14 23:30:09 | Info | backup: removing tmp folder '/home/alltic/public_html/itsm/data/tmp-backup-1667139429'
